[2022-03-19 11:17:56] local.ERROR: file_put_contents(C:\xampp\htdocs\3_SERVER_MODULE\API\storage\framework/sessions/TXvoFWIFYhdoHWRj5tBHMpPMSnTJOnM73BwvWPPI): failed to open stream: No such file or directory {"exception":"[object] (ErrorException(code: 0): file_put_contents(C:\\xampp\\htdocs\\3_SERVER_MODULE\\API\\storage\\framework/sessions/TXvoFWIFYhdoHWRj5tBHMpPMSnTJOnM73BwvWPPI): failed to open stream: No such file or directory at /mnt/d/Web Design/PC-3/3_SERVER_MODULE/API/vendor/laravel/framework/src/Illuminate/Filesystem/Filesystem.php:122)
[stacktrace]
#0 [internal function]: Illuminate\\Foundation\\Bootstrap\\HandleExceptions->handleError()
#1 /mnt/d/Web Design/PC-3/3_SERVER_MODULE/API/vendor/laravel/framework/src/Illuminate/Filesystem/Filesystem.php(122): file_put_contents()
#2 /mnt/d/Web Design/PC-3/3_SERVER_MODULE/API/vendor/laravel/framework/src/Illuminate/Session/FileSessionHandler.php(83): Illuminate\\Filesystem\\Filesystem->put()
#3 /mnt/d/Web Design/PC-3/3_SERVER_MODULE/API/vendor/laravel/framework/src/Illuminate/Session/Store.php(129): Illuminate\\Session\\FileSessionHandler->write()
#4 /mnt/d/Web Design/PC-3/3_SERVER_MODULE/API/vendor/laravel/framework/src/Illuminate/Session/Middleware/StartSession.php(87): Illuminate\\Session\\Store->save()
#5 /mnt/d/Web Design/PC-3/3_SERVER_MODULE/API/vendor/laravel/framework/src/Illuminate/Foundation/Http/Kernel.php(218): Illuminate\\Session\\Middleware\\StartSession->terminate()
#6 /mnt/d/Web Design/PC-3/3_SERVER_MODULE/API/vendor/laravel/framework/src/Illuminate/Foundation/Http/Kernel.php(189): Illuminate\\Foundation\\Http\\Kernel->terminateMiddleware()
#7 /mnt/d/Web Design/PC-3/3_SERVER_MODULE/API/public/index.php(60): Illuminate\\Foundation\\Http\\Kernel->terminate()
#8 /mnt/d/Web Design/PC-3/3_SERVER_MODULE/API/server.php(21): require_once('/mnt/d/Web Desi...')
#9 {main}
"} 
[2022-03-19 11:17:56] local.ERROR: View [Auth.login] not found. {"exception":"[object] (InvalidArgumentException(code: 0): View [Auth.login] not found. at /mnt/d/Web Design/PC-3/3_SERVER_MODULE/API/vendor/laravel/framework/src/Illuminate/View/FileViewFinder.php:137)
[stacktrace]
#0 /mnt/d/Web Design/PC-3/3_SERVER_MODULE/API/vendor/laravel/framework/src/Illuminate/View/FileViewFinder.php(79): Illuminate\\View\\FileViewFinder->findInPaths()
#1 /mnt/d/Web Design/PC-3/3_SERVER_MODULE/API/vendor/laravel/framework/src/Illuminate/View/Factory.php(128): Illuminate\\View\\FileViewFinder->find()
#2 /mnt/d/Web Design/PC-3/3_SERVER_MODULE/API/vendor/laravel/framework/src/Illuminate/Foundation/helpers.php(999): Illuminate\\View\\Factory->make()
#3 /mnt/d/Web Design/PC-3/3_SERVER_MODULE/API/app/Http/Controllers/AuthController.php(152): view()
#4 [internal function]: App\\Http\\Controllers\\AuthController->pageLoginNonApi()
#5 /mnt/d/Web Design/PC-3/3_SERVER_MODULE/API/vendor/laravel/framework/src/Illuminate/Routing/Controller.php(54): call_user_func_array()
#6 /mnt/d/Web Design/PC-3/3_SERVER_MODULE/API/vendor/laravel/framework/src/Illuminate/Routing/ControllerDispatcher.php(45): Illuminate\\Routing\\Controller->callAction()
#7 /mnt/d/Web Design/PC-3/3_SERVER_MODULE/API/vendor/laravel/framework/src/Illuminate/Routing/Route.php(212): Illuminate\\Routing\\ControllerDispatcher->dispatch()
#8 /mnt/d/Web Design/PC-3/3_SERVER_MODULE/API/vendor/laravel/framework/src/Illuminate/Routing/Route.php(169): Illuminate\\Routing\\Route->runController()
#9 /mnt/d/Web Design/PC-3/3_SERVER_MODULE/API/vendor/laravel/framework/src/Illuminate/Routing/Router.php(659): Illuminate\\Routing\\Route->run()
#10 /mnt/d/Web Design/PC-3/3_SERVER_MODULE/API/vendor/laravel/framework/src/Illuminate/Routing/Pipeline.php(30): Illuminate\\Routing\\Router->Illuminate\\Routing\\{closure}()
#11 /mnt/d/Web Design/PC-3/3_SERVER_MODULE/API/vendor/laravel/framework/src/Illuminate/Routing/Middleware/SubstituteBindings.php(41): Illuminate\\Routing\\Pipeline->Illuminate\\Routing\\{closure}()
#12 /mnt/d/Web Design/PC-3/3_SERVER_MODULE/API/vendor/laravel/framework/src/Illuminate/Pipeline/Pipeline.php(149): Illuminate\\Routing\\Middleware\\SubstituteBindings->handle()
#13 /mnt/d/Web Design/PC-3/3_SERVER_MODULE/API/vendor/laravel/framework/src/Illuminate/Routing/Pipeline.php(53): Illuminate\\Pipeline\\Pipeline->Illuminate\\Pipeline\\{closure}()
#14 /mnt/d/Web Design/PC-3/3_SERVER_MODULE/API/vendor/laravel/framework/src/Illuminate/Foundation/Http/Middleware/VerifyCsrfToken.php(67): Illuminate\\Routing\\Pipeline->Illuminate\\Routing\\{closure}()
#15 /mnt/d/Web Design/PC-3/3_SERVER_MODULE/API/vendor/laravel/framework/src/Illuminate/Pipeline/Pipeline.php(149): Illuminate\\Foundation\\Http\\Middleware\\VerifyCsrfToken->handle()
#16 /mnt/d/Web Design/PC-3/3_SERVER_MODULE/API/vendor/laravel/framework/src/Illuminate/Routing/Pipeline.php(53): Illuminate\\Pipeline\\Pipeline->Illuminate\\Pipeline\\{closure}()
#17 /mnt/d/Web Design/PC-3/3_SERVER_MODULE/API/vendor/laravel/framework/src/Illuminate/View/Middleware/ShareErrorsFromSession.php(49): Illuminate\\Routing\\Pipeline->Illuminate\\Routing\\{closure}()
#18 /mnt/d/Web Design/PC-3/3_SERVER_MODULE/API/vendor/laravel/framework/src/Illuminate/Pipeline/Pipeline.php(149): Illuminate\\View\\Middleware\\ShareErrorsFromSession->handle()
#19 /mnt/d/Web Design/PC-3/3_SERVER_MODULE/API/vendor/laravel/framework/src/Illuminate/Routing/Pipeline.php(53): Illuminate\\Pipeline\\Pipeline->Illuminate\\Pipeline\\{closure}()
#20 /mnt/d/Web Design/PC-3/3_SERVER_MODULE/API/vendor/laravel/framework/src/Illuminate/Session/Middleware/StartSession.php(63): Illuminate\\Routing\\Pipeline->Illuminate\\Routing\\{closure}()
#21 /mnt/d/Web Design/PC-3/3_SERVER_MODULE/API/vendor/laravel/framework/src/Illuminate/Pipeline/Pipeline.php(149): Illuminate\\Session\\Middleware\\StartSession->handle()
#22 /mnt/d/Web Design/PC-3/3_SERVER_MODULE/API/vendor/laravel/framework/src/Illuminate/Routing/Pipeline.php(53): Illuminate\\Pipeline\\Pipeline->Illuminate\\Pipeline\\{closure}()
#23 /mnt/d/Web Design/PC-3/3_SERVER_MODULE/API/vendor/laravel/framework/src/Illuminate/Cookie/Middleware/AddQueuedCookiesToResponse.php(37): Illuminate\\Routing\\Pipeline->Illuminate\\Routing\\{closure}()
#24 /mnt/d/Web Design/PC-3/3_SERVER_MODULE/API/vendor/laravel/framework/src/Illuminate/Pipeline/Pipeline.php(149): Illuminate\\Cookie\\Middleware\\AddQueuedCookiesToResponse->handle()
#25 /mnt/d/Web Design/PC-3/3_SERVER_MODULE/API/vendor/laravel/framework/src/Illuminate/Routing/Pipeline.php(53): Illuminate\\Pipeline\\Pipeline->Illuminate\\Pipeline\\{closure}()
#26 /mnt/d/Web Design/PC-3/3_SERVER_MODULE/API/vendor/laravel/framework/src/Illuminate/Cookie/Middleware/EncryptCookies.php(59): Illuminate\\Routing\\Pipeline->Illuminate\\Routing\\{closure}()
#27 /mnt/d/Web Design/PC-3/3_SERVER_MODULE/API/vendor/laravel/framework/src/Illuminate/Pipeline/Pipeline.php(149): Illuminate\\Cookie\\Middleware\\EncryptCookies->handle()
#28 /mnt/d/Web Design/PC-3/3_SERVER_MODULE/API/vendor/laravel/framework/src/Illuminate/Routing/Pipeline.php(53): Illuminate\\Pipeline\\Pipeline->Illuminate\\Pipeline\\{closure}()
#29 /mnt/d/Web Design/PC-3/3_SERVER_MODULE/API/vendor/laravel/framework/src/Illuminate/Pipeline/Pipeline.php(102): Illuminate\\Routing\\Pipeline->Illuminate\\Routing\\{closure}()
#30 /mnt/d/Web Design/PC-3/3_SERVER_MODULE/API/vendor/laravel/framework/src/Illuminate/Routing/Router.php(661): Illuminate\\Pipeline\\Pipeline->then()
#31 /mnt/d/Web Design/PC-3/3_SERVER_MODULE/API/vendor/laravel/framework/src/Illuminate/Routing/Router.php(636): Illuminate\\Routing\\Router->runRouteWithinStack()
#32 /mnt/d/Web Design/PC-3/3_SERVER_MODULE/API/vendor/laravel/framework/src/Illuminate/Routing/Router.php(602): Illuminate\\Routing\\Router->runRoute()
#33 /mnt/d/Web Design/PC-3/3_SERVER_MODULE/API/vendor/laravel/framework/src/Illuminate/Routing/Router.php(591): Illuminate\\Routing\\Router->dispatchToRoute()
#34 /mnt/d/Web Design/PC-3/3_SERVER_MODULE/API/vendor/laravel/framework/src/Illuminate/Foundation/Http/Kernel.php(176): Illuminate\\Routing\\Router->dispatch()
#35 /mnt/d/Web Design/PC-3/3_SERVER_MODULE/API/vendor/laravel/framework/src/Illuminate/Routing/Pipeline.php(30): Illuminate\\Foundation\\Http\\Kernel->Illuminate\\Foundation\\Http\\{closure}()
#36 /mnt/d/Web Design/PC-3/3_SERVER_MODULE/API/vendor/fideloper/proxy/src/TrustProxies.php(57): Illuminate\\Routing\\Pipeline->Illuminate\\Routing\\{closure}()
#37 /mnt/d/Web Design/PC-3/3_SERVER_MODULE/API/vendor/laravel/framework/src/Illuminate/Pipeline/Pipeline.php(149): Fideloper\\Proxy\\TrustProxies->handle()
#38 /mnt/d/Web Design/PC-3/3_SERVER_MODULE/API/vendor/laravel/framework/src/Illuminate/Routing/Pipeline.php(53): Illuminate\\Pipeline\\Pipeline->Illuminate\\Pipeline\\{closure}()
#39 /mnt/d/Web Design/PC-3/3_SERVER_MODULE/API/vendor/laravel/framework/src/Illuminate/Foundation/Http/Middleware/TransformsRequest.php(30): Illuminate\\Routing\\Pipeline->Illuminate\\Routing\\{closure}()
#40 /mnt/d/Web Design/PC-3/3_SERVER_MODULE/API/vendor/laravel/framework/src/Illuminate/Pipeline/Pipeline.php(149): Illuminate\\Foundation\\Http\\Middleware\\TransformsRequest->handle()
#41 /mnt/d/Web Design/PC-3/3_SERVER_MODULE/API/vendor/laravel/framework/src/Illuminate/Routing/Pipeline.php(53): Illuminate\\Pipeline\\Pipeline->Illuminate\\Pipeline\\{closure}()
#42 /mnt/d/Web Design/PC-3/3_SERVER_MODULE/API/vendor/laravel/framework/src/Illuminate/Foundation/Http/Middleware/TransformsRequest.php(30): Illuminate\\Routing\\Pipeline->Illuminate\\Routing\\{closure}()
#43 /mnt/d/Web Design/PC-3/3_SERVER_MODULE/API/vendor/laravel/framework/src/Illuminate/Pipeline/Pipeline.php(149): Illuminate\\Foundation\\Http\\Middleware\\TransformsRequest->handle()
#44 /mnt/d/Web Design/PC-3/3_SERVER_MODULE/API/vendor/laravel/framework/src/Illuminate/Routing/Pipeline.php(53): Illuminate\\Pipeline\\Pipeline->Illuminate\\Pipeline\\{closure}()
#45 /mnt/d/Web Design/PC-3/3_SERVER_MODULE/API/vendor/laravel/framework/src/Illuminate/Foundation/Http/Middleware/ValidatePostSize.php(27): Illuminate\\Routing\\Pipeline->Illuminate\\Routing\\{closure}()
#46 /mnt/d/Web Design/PC-3/3_SERVER_MODULE/API/vendor/laravel/framework/src/Illuminate/Pipeline/Pipeline.php(149): Illuminate\\Foundation\\Http\\Middleware\\ValidatePostSize->handle()
#47 /mnt/d/Web Design/PC-3/3_SERVER_MODULE/API/vendor/laravel/framework/src/Illuminate/Routing/Pipeline.php(53): Illuminate\\Pipeline\\Pipeline->Illuminate\\Pipeline\\{closure}()
#48 /mnt/d/Web Design/PC-3/3_SERVER_MODULE/API/vendor/laravel/framework/src/Illuminate/Foundation/Http/Middleware/CheckForMaintenanceMode.php(46): Illuminate\\Routing\\Pipeline->Illuminate\\Routing\\{closure}()
#49 /mnt/d/Web Design/PC-3/3_SERVER_MODULE/API/vendor/laravel/framework/src/Illuminate/Pipeline/Pipeline.php(149): Illuminate\\Foundation\\Http\\Middleware\\CheckForMaintenanceMode->handle()
#50 /mnt/d/Web Design/PC-3/3_SERVER_MODULE/API/vendor/laravel/framework/src/Illuminate/Routing/Pipeline.php(53): Illuminate\\Pipeline\\Pipeline->Illuminate\\Pipeline\\{closure}()
#51 /mnt/d/Web Design/PC-3/3_SERVER_MODULE/API/vendor/laravel/framework/src/Illuminate/Pipeline/Pipeline.php(102): Illuminate\\Routing\\Pipeline->Illuminate\\Routing\\{closure}()
#52 /mnt/d/Web Design/PC-3/3_SERVER_MODULE/API/vendor/laravel/framework/src/Illuminate/Foundation/Http/Kernel.php(151): Illuminate\\Pipeline\\Pipeline->then()
#53 /mnt/d/Web Design/PC-3/3_SERVER_MODULE/API/vendor/laravel/framework/src/Illuminate/Foundation/Http/Kernel.php(116): Illuminate\\Foundation\\Http\\Kernel->sendRequestThroughRouter()
#54 /mnt/d/Web Design/PC-3/3_SERVER_MODULE/API/public/index.php(55): Illuminate\\Foundation\\Http\\Kernel->handle()
#55 /mnt/d/Web Design/PC-3/3_SERVER_MODULE/API/server.php(21): require_once('/mnt/d/Web Desi...')
#56 {main}
"} 
[2022-03-19 11:17:56] local.ERROR: file_put_contents(C:\xampp\htdocs\3_SERVER_MODULE\API\storage\framework/sessions/TXvoFWIFYhdoHWRj5tBHMpPMSnTJOnM73BwvWPPI): failed to open stream: No such file or directory {"exception":"[object] (ErrorException(code: 0): file_put_contents(C:\\xampp\\htdocs\\3_SERVER_MODULE\\API\\storage\\framework/sessions/TXvoFWIFYhdoHWRj5tBHMpPMSnTJOnM73BwvWPPI): failed to open stream: No such file or directory at /mnt/d/Web Design/PC-3/3_SERVER_MODULE/API/vendor/laravel/framework/src/Illuminate/Filesystem/Filesystem.php:122)
[stacktrace]
#0 [internal function]: Illuminate\\Foundation\\Bootstrap\\HandleExceptions->handleError()
#1 /mnt/d/Web Design/PC-3/3_SERVER_MODULE/API/vendor/laravel/framework/src/Illuminate/Filesystem/Filesystem.php(122): file_put_contents()
#2 /mnt/d/Web Design/PC-3/3_SERVER_MODULE/API/vendor/laravel/framework/src/Illuminate/Session/FileSessionHandler.php(83): Illuminate\\Filesystem\\Filesystem->put()
#3 /mnt/d/Web Design/PC-3/3_SERVER_MODULE/API/vendor/laravel/framework/src/Illuminate/Session/Store.php(129): Illuminate\\Session\\FileSessionHandler->write()
#4 /mnt/d/Web Design/PC-3/3_SERVER_MODULE/API/vendor/laravel/framework/src/Illuminate/Session/Middleware/StartSession.php(87): Illuminate\\Session\\Store->save()
#5 /mnt/d/Web Design/PC-3/3_SERVER_MODULE/API/vendor/laravel/framework/src/Illuminate/Foundation/Http/Kernel.php(218): Illuminate\\Session\\Middleware\\StartSession->terminate()
#6 /mnt/d/Web Design/PC-3/3_SERVER_MODULE/API/vendor/laravel/framework/src/Illuminate/Foundation/Http/Kernel.php(189): Illuminate\\Foundation\\Http\\Kernel->terminateMiddleware()
#7 /mnt/d/Web Design/PC-3/3_SERVER_MODULE/API/public/index.php(60): Illuminate\\Foundation\\Http\\Kernel->terminate()
#8 /mnt/d/Web Design/PC-3/3_SERVER_MODULE/API/server.php(21): require_once('/mnt/d/Web Desi...')
#9 {main}
"} 
[2022-03-19 11:18:36] local.ERROR: View [Auth.login] not found. {"exception":"[object] (InvalidArgumentException(code: 0): View [Auth.login] not found. at /mnt/d/Web Design/PC-3/3_SERVER_MODULE/API/vendor/laravel/framework/src/Illuminate/View/FileViewFinder.php:137)
[stacktrace]
#0 /mnt/d/Web Design/PC-3/3_SERVER_MODULE/API/vendor/laravel/framework/src/Illuminate/View/FileViewFinder.php(79): Illuminate\\View\\FileViewFinder->findInPaths()
#1 /mnt/d/Web Design/PC-3/3_SERVER_MODULE/API/vendor/laravel/framework/src/Illuminate/View/Factory.php(128): Illuminate\\View\\FileViewFinder->find()
#2 /mnt/d/Web Design/PC-3/3_SERVER_MODULE/API/vendor/laravel/framework/src/Illuminate/Foundation/helpers.php(999): Illuminate\\View\\Factory->make()
#3 /mnt/d/Web Design/PC-3/3_SERVER_MODULE/API/app/Http/Controllers/AuthController.php(152): view()
#4 [internal function]: App\\Http\\Controllers\\AuthController->pageLoginNonApi()
#5 /mnt/d/Web Design/PC-3/3_SERVER_MODULE/API/vendor/laravel/framework/src/Illuminate/Routing/Controller.php(54): call_user_func_array()
#6 /mnt/d/Web Design/PC-3/3_SERVER_MODULE/API/vendor/laravel/framework/src/Illuminate/Routing/ControllerDispatcher.php(45): Illuminate\\Routing\\Controller->callAction()
#7 /mnt/d/Web Design/PC-3/3_SERVER_MODULE/API/vendor/laravel/framework/src/Illuminate/Routing/Route.php(212): Illuminate\\Routing\\ControllerDispatcher->dispatch()
#8 /mnt/d/Web Design/PC-3/3_SERVER_MODULE/API/vendor/laravel/framework/src/Illuminate/Routing/Route.php(169): Illuminate\\Routing\\Route->runController()
#9 /mnt/d/Web Design/PC-3/3_SERVER_MODULE/API/vendor/laravel/framework/src/Illuminate/Routing/Router.php(659): Illuminate\\Routing\\Route->run()
#10 /mnt/d/Web Design/PC-3/3_SERVER_MODULE/API/vendor/laravel/framework/src/Illuminate/Routing/Pipeline.php(30): Illuminate\\Routing\\Router->Illuminate\\Routing\\{closure}()
#11 /mnt/d/Web Design/PC-3/3_SERVER_MODULE/API/vendor/laravel/framework/src/Illuminate/Routing/Middleware/SubstituteBindings.php(41): Illuminate\\Routing\\Pipeline->Illuminate\\Routing\\{closure}()
#12 /mnt/d/Web Design/PC-3/3_SERVER_MODULE/API/vendor/laravel/framework/src/Illuminate/Pipeline/Pipeline.php(149): Illuminate\\Routing\\Middleware\\SubstituteBindings->handle()
#13 /mnt/d/Web Design/PC-3/3_SERVER_MODULE/API/vendor/laravel/framework/src/Illuminate/Routing/Pipeline.php(53): Illuminate\\Pipeline\\Pipeline->Illuminate\\Pipeline\\{closure}()
#14 /mnt/d/Web Design/PC-3/3_SERVER_MODULE/API/vendor/laravel/framework/src/Illuminate/Foundation/Http/Middleware/VerifyCsrfToken.php(67): Illuminate\\Routing\\Pipeline->Illuminate\\Routing\\{closure}()
#15 /mnt/d/Web Design/PC-3/3_SERVER_MODULE/API/vendor/laravel/framework/src/Illuminate/Pipeline/Pipeline.php(149): Illuminate\\Foundation\\Http\\Middleware\\VerifyCsrfToken->handle()
#16 /mnt/d/Web Design/PC-3/3_SERVER_MODULE/API/vendor/laravel/framework/src/Illuminate/Routing/Pipeline.php(53): Illuminate\\Pipeline\\Pipeline->Illuminate\\Pipeline\\{closure}()
#17 /mnt/d/Web Design/PC-3/3_SERVER_MODULE/API/vendor/laravel/framework/src/Illuminate/View/Middleware/ShareErrorsFromSession.php(49): Illuminate\\Routing\\Pipeline->Illuminate\\Routing\\{closure}()
#18 /mnt/d/Web Design/PC-3/3_SERVER_MODULE/API/vendor/laravel/framework/src/Illuminate/Pipeline/Pipeline.php(149): Illuminate\\View\\Middleware\\ShareErrorsFromSession->handle()
#19 /mnt/d/Web Design/PC-3/3_SERVER_MODULE/API/vendor/laravel/framework/src/Illuminate/Routing/Pipeline.php(53): Illuminate\\Pipeline\\Pipeline->Illuminate\\Pipeline\\{closure}()
#20 /mnt/d/Web Design/PC-3/3_SERVER_MODULE/API/vendor/laravel/framework/src/Illuminate/Session/Middleware/StartSession.php(63): Illuminate\\Routing\\Pipeline->Illuminate\\Routing\\{closure}()
#21 /mnt/d/Web Design/PC-3/3_SERVER_MODULE/API/vendor/laravel/framework/src/Illuminate/Pipeline/Pipeline.php(149): Illuminate\\Session\\Middleware\\StartSession->handle()
#22 /mnt/d/Web Design/PC-3/3_SERVER_MODULE/API/vendor/laravel/framework/src/Illuminate/Routing/Pipeline.php(53): Illuminate\\Pipeline\\Pipeline->Illuminate\\Pipeline\\{closure}()
#23 /mnt/d/Web Design/PC-3/3_SERVER_MODULE/API/vendor/laravel/framework/src/Illuminate/Cookie/Middleware/AddQueuedCookiesToResponse.php(37): Illuminate\\Routing\\Pipeline->Illuminate\\Routing\\{closure}()
#24 /mnt/d/Web Design/PC-3/3_SERVER_MODULE/API/vendor/laravel/framework/src/Illuminate/Pipeline/Pipeline.php(149): Illuminate\\Cookie\\Middleware\\AddQueuedCookiesToResponse->handle()
#25 /mnt/d/Web Design/PC-3/3_SERVER_MODULE/API/vendor/laravel/framework/src/Illuminate/Routing/Pipeline.php(53): Illuminate\\Pipeline\\Pipeline->Illuminate\\Pipeline\\{closure}()
#26 /mnt/d/Web Design/PC-3/3_SERVER_MODULE/API/vendor/laravel/framework/src/Illuminate/Cookie/Middleware/EncryptCookies.php(59): Illuminate\\Routing\\Pipeline->Illuminate\\Routing\\{closure}()
#27 /mnt/d/Web Design/PC-3/3_SERVER_MODULE/API/vendor/laravel/framework/src/Illuminate/Pipeline/Pipeline.php(149): Illuminate\\Cookie\\Middleware\\EncryptCookies->handle()
#28 /mnt/d/Web Design/PC-3/3_SERVER_MODULE/API/vendor/laravel/framework/src/Illuminate/Routing/Pipeline.php(53): Illuminate\\Pipeline\\Pipeline->Illuminate\\Pipeline\\{closure}()
#29 /mnt/d/Web Design/PC-3/3_SERVER_MODULE/API/vendor/laravel/framework/src/Illuminate/Pipeline/Pipeline.php(102): Illuminate\\Routing\\Pipeline->Illuminate\\Routing\\{closure}()
#30 /mnt/d/Web Design/PC-3/3_SERVER_MODULE/API/vendor/laravel/framework/src/Illuminate/Routing/Router.php(661): Illuminate\\Pipeline\\Pipeline->then()
#31 /mnt/d/Web Design/PC-3/3_SERVER_MODULE/API/vendor/laravel/framework/src/Illuminate/Routing/Router.php(636): Illuminate\\Routing\\Router->runRouteWithinStack()
#32 /mnt/d/Web Design/PC-3/3_SERVER_MODULE/API/vendor/laravel/framework/src/Illuminate/Routing/Router.php(602): Illuminate\\Routing\\Router->runRoute()
#33 /mnt/d/Web Design/PC-3/3_SERVER_MODULE/API/vendor/laravel/framework/src/Illuminate/Routing/Router.php(591): Illuminate\\Routing\\Router->dispatchToRoute()
#34 /mnt/d/Web Design/PC-3/3_SERVER_MODULE/API/vendor/laravel/framework/src/Illuminate/Foundation/Http/Kernel.php(176): Illuminate\\Routing\\Router->dispatch()
#35 /mnt/d/Web Design/PC-3/3_SERVER_MODULE/API/vendor/laravel/framework/src/Illuminate/Routing/Pipeline.php(30): Illuminate\\Foundation\\Http\\Kernel->Illuminate\\Foundation\\Http\\{closure}()
#36 /mnt/d/Web Design/PC-3/3_SERVER_MODULE/API/vendor/fideloper/proxy/src/TrustProxies.php(57): Illuminate\\Routing\\Pipeline->Illuminate\\Routing\\{closure}()
#37 /mnt/d/Web Design/PC-3/3_SERVER_MODULE/API/vendor/laravel/framework/src/Illuminate/Pipeline/Pipeline.php(149): Fideloper\\Proxy\\TrustProxies->handle()
#38 /mnt/d/Web Design/PC-3/3_SERVER_MODULE/API/vendor/laravel/framework/src/Illuminate/Routing/Pipeline.php(53): Illuminate\\Pipeline\\Pipeline->Illuminate\\Pipeline\\{closure}()
#39 /mnt/d/Web Design/PC-3/3_SERVER_MODULE/API/vendor/laravel/framework/src/Illuminate/Foundation/Http/Middleware/TransformsRequest.php(30): Illuminate\\Routing\\Pipeline->Illuminate\\Routing\\{closure}()
#40 /mnt/d/Web Design/PC-3/3_SERVER_MODULE/API/vendor/laravel/framework/src/Illuminate/Pipeline/Pipeline.php(149): Illuminate\\Foundation\\Http\\Middleware\\TransformsRequest->handle()
#41 /mnt/d/Web Design/PC-3/3_SERVER_MODULE/API/vendor/laravel/framework/src/Illuminate/Routing/Pipeline.php(53): Illuminate\\Pipeline\\Pipeline->Illuminate\\Pipeline\\{closure}()
#42 /mnt/d/Web Design/PC-3/3_SERVER_MODULE/API/vendor/laravel/framework/src/Illuminate/Foundation/Http/Middleware/TransformsRequest.php(30): Illuminate\\Routing\\Pipeline->Illuminate\\Routing\\{closure}()
#43 /mnt/d/Web Design/PC-3/3_SERVER_MODULE/API/vendor/laravel/framework/src/Illuminate/Pipeline/Pipeline.php(149): Illuminate\\Foundation\\Http\\Middleware\\TransformsRequest->handle()
#44 /mnt/d/Web Design/PC-3/3_SERVER_MODULE/API/vendor/laravel/framework/src/Illuminate/Routing/Pipeline.php(53): Illuminate\\Pipeline\\Pipeline->Illuminate\\Pipeline\\{closure}()
#45 /mnt/d/Web Design/PC-3/3_SERVER_MODULE/API/vendor/laravel/framework/src/Illuminate/Foundation/Http/Middleware/ValidatePostSize.php(27): Illuminate\\Routing\\Pipeline->Illuminate\\Routing\\{closure}()
#46 /mnt/d/Web Design/PC-3/3_SERVER_MODULE/API/vendor/laravel/framework/src/Illuminate/Pipeline/Pipeline.php(149): Illuminate\\Foundation\\Http\\Middleware\\ValidatePostSize->handle()
#47 /mnt/d/Web Design/PC-3/3_SERVER_MODULE/API/vendor/laravel/framework/src/Illuminate/Routing/Pipeline.php(53): Illuminate\\Pipeline\\Pipeline->Illuminate\\Pipeline\\{closure}()
#48 /mnt/d/Web Design/PC-3/3_SERVER_MODULE/API/vendor/laravel/framework/src/Illuminate/Foundation/Http/Middleware/CheckForMaintenanceMode.php(46): Illuminate\\Routing\\Pipeline->Illuminate\\Routing\\{closure}()
#49 /mnt/d/Web Design/PC-3/3_SERVER_MODULE/API/vendor/laravel/framework/src/Illuminate/Pipeline/Pipeline.php(149): Illuminate\\Foundation\\Http\\Middleware\\CheckForMaintenanceMode->handle()
#50 /mnt/d/Web Design/PC-3/3_SERVER_MODULE/API/vendor/laravel/framework/src/Illuminate/Routing/Pipeline.php(53): Illuminate\\Pipeline\\Pipeline->Illuminate\\Pipeline\\{closure}()
#51 /mnt/d/Web Design/PC-3/3_SERVER_MODULE/API/vendor/laravel/framework/src/Illuminate/Pipeline/Pipeline.php(102): Illuminate\\Routing\\Pipeline->Illuminate\\Routing\\{closure}()
#52 /mnt/d/Web Design/PC-3/3_SERVER_MODULE/API/vendor/laravel/framework/src/Illuminate/Foundation/Http/Kernel.php(151): Illuminate\\Pipeline\\Pipeline->then()
#53 /mnt/d/Web Design/PC-3/3_SERVER_MODULE/API/vendor/laravel/framework/src/Illuminate/Foundation/Http/Kernel.php(116): Illuminate\\Foundation\\Http\\Kernel->sendRequestThroughRouter()
#54 /mnt/d/Web Design/PC-3/3_SERVER_MODULE/API/public/index.php(55): Illuminate\\Foundation\\Http\\Kernel->handle()
#55 /mnt/d/Web Design/PC-3/3_SERVER_MODULE/API/server.php(21): require_once('/mnt/d/Web Desi...')
#56 {main}
"} 
[2022-03-19 11:18:36] local.ERROR: file_put_contents(C:\xampp\htdocs\3_SERVER_MODULE\API\storage\framework/sessions/TXvoFWIFYhdoHWRj5tBHMpPMSnTJOnM73BwvWPPI): failed to open stream: No such file or directory {"exception":"[object] (ErrorException(code: 0): file_put_contents(C:\\xampp\\htdocs\\3_SERVER_MODULE\\API\\storage\\framework/sessions/TXvoFWIFYhdoHWRj5tBHMpPMSnTJOnM73BwvWPPI): failed to open stream: No such file or directory at /mnt/d/Web Design/PC-3/3_SERVER_MODULE/API/vendor/laravel/framework/src/Illuminate/Filesystem/Filesystem.php:122)
[stacktrace]
#0 [internal function]: Illuminate\\Foundation\\Bootstrap\\HandleExceptions->handleError()
#1 /mnt/d/Web Design/PC-3/3_SERVER_MODULE/API/vendor/laravel/framework/src/Illuminate/Filesystem/Filesystem.php(122): file_put_contents()
#2 /mnt/d/Web Design/PC-3/3_SERVER_MODULE/API/vendor/laravel/framework/src/Illuminate/Session/FileSessionHandler.php(83): Illuminate\\Filesystem\\Filesystem->put()
#3 /mnt/d/Web Design/PC-3/3_SERVER_MODULE/API/vendor/laravel/framework/src/Illuminate/Session/Store.php(129): Illuminate\\Session\\FileSessionHandler->write()
#4 /mnt/d/Web Design/PC-3/3_SERVER_MODULE/API/vendor/laravel/framework/src/Illuminate/Session/Middleware/StartSession.php(87): Illuminate\\Session\\Store->save()
#5 /mnt/d/Web Design/PC-3/3_SERVER_MODULE/API/vendor/laravel/framework/src/Illuminate/Foundation/Http/Kernel.php(218): Illuminate\\Session\\Middleware\\StartSession->terminate()
#6 /mnt/d/Web Design/PC-3/3_SERVER_MODULE/API/vendor/laravel/framework/src/Illuminate/Foundation/Http/Kernel.php(189): Illuminate\\Foundation\\Http\\Kernel->terminateMiddleware()
#7 /mnt/d/Web Design/PC-3/3_SERVER_MODULE/API/public/index.php(60): Illuminate\\Foundation\\Http\\Kernel->terminate()
#8 /mnt/d/Web Design/PC-3/3_SERVER_MODULE/API/server.php(21): require_once('/mnt/d/Web Desi...')
#9 {main}
"} 
[2022-03-19 11:19:22] local.ERROR: View [Auth.login] not found. {"exception":"[object] (InvalidArgumentException(code: 0): View [Auth.login] not found. at /mnt/d/Web Design/PC-3/3_SERVER_MODULE/API/vendor/laravel/framework/src/Illuminate/View/FileViewFinder.php:137)
[stacktrace]
#0 /mnt/d/Web Design/PC-3/3_SERVER_MODULE/API/vendor/laravel/framework/src/Illuminate/View/FileViewFinder.php(79): Illuminate\\View\\FileViewFinder->findInPaths()
#1 /mnt/d/Web Design/PC-3/3_SERVER_MODULE/API/vendor/laravel/framework/src/Illuminate/View/Factory.php(128): Illuminate\\View\\FileViewFinder->find()
#2 /mnt/d/Web Design/PC-3/3_SERVER_MODULE/API/vendor/laravel/framework/src/Illuminate/Foundation/helpers.php(999): Illuminate\\View\\Factory->make()
#3 /mnt/d/Web Design/PC-3/3_SERVER_MODULE/API/app/Http/Controllers/AuthController.php(152): view()
#4 [internal function]: App\\Http\\Controllers\\AuthController->pageLoginNonApi()
#5 /mnt/d/Web Design/PC-3/3_SERVER_MODULE/API/vendor/laravel/framework/src/Illuminate/Routing/Controller.php(54): call_user_func_array()
#6 /mnt/d/Web Design/PC-3/3_SERVER_MODULE/API/vendor/laravel/framework/src/Illuminate/Routing/ControllerDispatcher.php(45): Illuminate\\Routing\\Controller->callAction()
#7 /mnt/d/Web Design/PC-3/3_SERVER_MODULE/API/vendor/laravel/framework/src/Illuminate/Routing/Route.php(212): Illuminate\\Routing\\ControllerDispatcher->dispatch()
#8 /mnt/d/Web Design/PC-3/3_SERVER_MODULE/API/vendor/laravel/framework/src/Illuminate/Routing/Route.php(169): Illuminate\\Routing\\Route->runController()
#9 /mnt/d/Web Design/PC-3/3_SERVER_MODULE/API/vendor/laravel/framework/src/Illuminate/Routing/Router.php(659): Illuminate\\Routing\\Route->run()
#10 /mnt/d/Web Design/PC-3/3_SERVER_MODULE/API/vendor/laravel/framework/src/Illuminate/Routing/Pipeline.php(30): Illuminate\\Routing\\Router->Illuminate\\Routing\\{closure}()
#11 /mnt/d/Web Design/PC-3/3_SERVER_MODULE/API/vendor/laravel/framework/src/Illuminate/Routing/Middleware/SubstituteBindings.php(41): Illuminate\\Routing\\Pipeline->Illuminate\\Routing\\{closure}()
#12 /mnt/d/Web Design/PC-3/3_SERVER_MODULE/API/vendor/laravel/framework/src/Illuminate/Pipeline/Pipeline.php(149): Illuminate\\Routing\\Middleware\\SubstituteBindings->handle()
#13 /mnt/d/Web Design/PC-3/3_SERVER_MODULE/API/vendor/laravel/framework/src/Illuminate/Routing/Pipeline.php(53): Illuminate\\Pipeline\\Pipeline->Illuminate\\Pipeline\\{closure}()
#14 /mnt/d/Web Design/PC-3/3_SERVER_MODULE/API/vendor/laravel/framework/src/Illuminate/Foundation/Http/Middleware/VerifyCsrfToken.php(67): Illuminate\\Routing\\Pipeline->Illuminate\\Routing\\{closure}()
#15 /mnt/d/Web Design/PC-3/3_SERVER_MODULE/API/vendor/laravel/framework/src/Illuminate/Pipeline/Pipeline.php(149): Illuminate\\Foundation\\Http\\Middleware\\VerifyCsrfToken->handle()
#16 /mnt/d/Web Design/PC-3/3_SERVER_MODULE/API/vendor/laravel/framework/src/Illuminate/Routing/Pipeline.php(53): Illuminate\\Pipeline\\Pipeline->Illuminate\\Pipeline\\{closure}()
#17 /mnt/d/Web Design/PC-3/3_SERVER_MODULE/API/vendor/laravel/framework/src/Illuminate/View/Middleware/ShareErrorsFromSession.php(49): Illuminate\\Routing\\Pipeline->Illuminate\\Routing\\{closure}()
#18 /mnt/d/Web Design/PC-3/3_SERVER_MODULE/API/vendor/laravel/framework/src/Illuminate/Pipeline/Pipeline.php(149): Illuminate\\View\\Middleware\\ShareErrorsFromSession->handle()
#19 /mnt/d/Web Design/PC-3/3_SERVER_MODULE/API/vendor/laravel/framework/src/Illuminate/Routing/Pipeline.php(53): Illuminate\\Pipeline\\Pipeline->Illuminate\\Pipeline\\{closure}()
#20 /mnt/d/Web Design/PC-3/3_SERVER_MODULE/API/vendor/laravel/framework/src/Illuminate/Session/Middleware/StartSession.php(63): Illuminate\\Routing\\Pipeline->Illuminate\\Routing\\{closure}()
#21 /mnt/d/Web Design/PC-3/3_SERVER_MODULE/API/vendor/laravel/framework/src/Illuminate/Pipeline/Pipeline.php(149): Illuminate\\Session\\Middleware\\StartSession->handle()
#22 /mnt/d/Web Design/PC-3/3_SERVER_MODULE/API/vendor/laravel/framework/src/Illuminate/Routing/Pipeline.php(53): Illuminate\\Pipeline\\Pipeline->Illuminate\\Pipeline\\{closure}()
#23 /mnt/d/Web Design/PC-3/3_SERVER_MODULE/API/vendor/laravel/framework/src/Illuminate/Cookie/Middleware/AddQueuedCookiesToResponse.php(37): Illuminate\\Routing\\Pipeline->Illuminate\\Routing\\{closure}()
#24 /mnt/d/Web Design/PC-3/3_SERVER_MODULE/API/vendor/laravel/framework/src/Illuminate/Pipeline/Pipeline.php(149): Illuminate\\Cookie\\Middleware\\AddQueuedCookiesToResponse->handle()
#25 /mnt/d/Web Design/PC-3/3_SERVER_MODULE/API/vendor/laravel/framework/src/Illuminate/Routing/Pipeline.php(53): Illuminate\\Pipeline\\Pipeline->Illuminate\\Pipeline\\{closure}()
#26 /mnt/d/Web Design/PC-3/3_SERVER_MODULE/API/vendor/laravel/framework/src/Illuminate/Cookie/Middleware/EncryptCookies.php(59): Illuminate\\Routing\\Pipeline->Illuminate\\Routing\\{closure}()
#27 /mnt/d/Web Design/PC-3/3_SERVER_MODULE/API/vendor/laravel/framework/src/Illuminate/Pipeline/Pipeline.php(149): Illuminate\\Cookie\\Middleware\\EncryptCookies->handle()
#28 /mnt/d/Web Design/PC-3/3_SERVER_MODULE/API/vendor/laravel/framework/src/Illuminate/Routing/Pipeline.php(53): Illuminate\\Pipeline\\Pipeline->Illuminate\\Pipeline\\{closure}()
#29 /mnt/d/Web Design/PC-3/3_SERVER_MODULE/API/vendor/laravel/framework/src/Illuminate/Pipeline/Pipeline.php(102): Illuminate\\Routing\\Pipeline->Illuminate\\Routing\\{closure}()
#30 /mnt/d/Web Design/PC-3/3_SERVER_MODULE/API/vendor/laravel/framework/src/Illuminate/Routing/Router.php(661): Illuminate\\Pipeline\\Pipeline->then()
#31 /mnt/d/Web Design/PC-3/3_SERVER_MODULE/API/vendor/laravel/framework/src/Illuminate/Routing/Router.php(636): Illuminate\\Routing\\Router->runRouteWithinStack()
#32 /mnt/d/Web Design/PC-3/3_SERVER_MODULE/API/vendor/laravel/framework/src/Illuminate/Routing/Router.php(602): Illuminate\\Routing\\Router->runRoute()
#33 /mnt/d/Web Design/PC-3/3_SERVER_MODULE/API/vendor/laravel/framework/src/Illuminate/Routing/Router.php(591): Illuminate\\Routing\\Router->dispatchToRoute()
#34 /mnt/d/Web Design/PC-3/3_SERVER_MODULE/API/vendor/laravel/framework/src/Illuminate/Foundation/Http/Kernel.php(176): Illuminate\\Routing\\Router->dispatch()
#35 /mnt/d/Web Design/PC-3/3_SERVER_MODULE/API/vendor/laravel/framework/src/Illuminate/Routing/Pipeline.php(30): Illuminate\\Foundation\\Http\\Kernel->Illuminate\\Foundation\\Http\\{closure}()
#36 /mnt/d/Web Design/PC-3/3_SERVER_MODULE/API/vendor/fideloper/proxy/src/TrustProxies.php(57): Illuminate\\Routing\\Pipeline->Illuminate\\Routing\\{closure}()
#37 /mnt/d/Web Design/PC-3/3_SERVER_MODULE/API/vendor/laravel/framework/src/Illuminate/Pipeline/Pipeline.php(149): Fideloper\\Proxy\\TrustProxies->handle()
#38 /mnt/d/Web Design/PC-3/3_SERVER_MODULE/API/vendor/laravel/framework/src/Illuminate/Routing/Pipeline.php(53): Illuminate\\Pipeline\\Pipeline->Illuminate\\Pipeline\\{closure}()
#39 /mnt/d/Web Design/PC-3/3_SERVER_MODULE/API/vendor/laravel/framework/src/Illuminate/Foundation/Http/Middleware/TransformsRequest.php(30): Illuminate\\Routing\\Pipeline->Illuminate\\Routing\\{closure}()
#40 /mnt/d/Web Design/PC-3/3_SERVER_MODULE/API/vendor/laravel/framework/src/Illuminate/Pipeline/Pipeline.php(149): Illuminate\\Foundation\\Http\\Middleware\\TransformsRequest->handle()
#41 /mnt/d/Web Design/PC-3/3_SERVER_MODULE/API/vendor/laravel/framework/src/Illuminate/Routing/Pipeline.php(53): Illuminate\\Pipeline\\Pipeline->Illuminate\\Pipeline\\{closure}()
#42 /mnt/d/Web Design/PC-3/3_SERVER_MODULE/API/vendor/laravel/framework/src/Illuminate/Foundation/Http/Middleware/TransformsRequest.php(30): Illuminate\\Routing\\Pipeline->Illuminate\\Routing\\{closure}()
#43 /mnt/d/Web Design/PC-3/3_SERVER_MODULE/API/vendor/laravel/framework/src/Illuminate/Pipeline/Pipeline.php(149): Illuminate\\Foundation\\Http\\Middleware\\TransformsRequest->handle()
#44 /mnt/d/Web Design/PC-3/3_SERVER_MODULE/API/vendor/laravel/framework/src/Illuminate/Routing/Pipeline.php(53): Illuminate\\Pipeline\\Pipeline->Illuminate\\Pipeline\\{closure}()
#45 /mnt/d/Web Design/PC-3/3_SERVER_MODULE/API/vendor/laravel/framework/src/Illuminate/Foundation/Http/Middleware/ValidatePostSize.php(27): Illuminate\\Routing\\Pipeline->Illuminate\\Routing\\{closure}()
#46 /mnt/d/Web Design/PC-3/3_SERVER_MODULE/API/vendor/laravel/framework/src/Illuminate/Pipeline/Pipeline.php(149): Illuminate\\Foundation\\Http\\Middleware\\ValidatePostSize->handle()
#47 /mnt/d/Web Design/PC-3/3_SERVER_MODULE/API/vendor/laravel/framework/src/Illuminate/Routing/Pipeline.php(53): Illuminate\\Pipeline\\Pipeline->Illuminate\\Pipeline\\{closure}()
#48 /mnt/d/Web Design/PC-3/3_SERVER_MODULE/API/vendor/laravel/framework/src/Illuminate/Foundation/Http/Middleware/CheckForMaintenanceMode.php(46): Illuminate\\Routing\\Pipeline->Illuminate\\Routing\\{closure}()
#49 /mnt/d/Web Design/PC-3/3_SERVER_MODULE/API/vendor/laravel/framework/src/Illuminate/Pipeline/Pipeline.php(149): Illuminate\\Foundation\\Http\\Middleware\\CheckForMaintenanceMode->handle()
#50 /mnt/d/Web Design/PC-3/3_SERVER_MODULE/API/vendor/laravel/framework/src/Illuminate/Routing/Pipeline.php(53): Illuminate\\Pipeline\\Pipeline->Illuminate\\Pipeline\\{closure}()
#51 /mnt/d/Web Design/PC-3/3_SERVER_MODULE/API/vendor/laravel/framework/src/Illuminate/Pipeline/Pipeline.php(102): Illuminate\\Routing\\Pipeline->Illuminate\\Routing\\{closure}()
#52 /mnt/d/Web Design/PC-3/3_SERVER_MODULE/API/vendor/laravel/framework/src/Illuminate/Foundation/Http/Kernel.php(151): Illuminate\\Pipeline\\Pipeline->then()
#53 /mnt/d/Web Design/PC-3/3_SERVER_MODULE/API/vendor/laravel/framework/src/Illuminate/Foundation/Http/Kernel.php(116): Illuminate\\Foundation\\Http\\Kernel->sendRequestThroughRouter()
#54 /mnt/d/Web Design/PC-3/3_SERVER_MODULE/API/public/index.php(55): Illuminate\\Foundation\\Http\\Kernel->handle()
#55 /mnt/d/Web Design/PC-3/3_SERVER_MODULE/API/server.php(21): require_once('/mnt/d/Web Desi...')
#56 {main}
"} 
[2022-03-19 11:19:22] local.ERROR: file_put_contents(C:\xampp\htdocs\3_SERVER_MODULE\API\storage\framework/sessions/TXvoFWIFYhdoHWRj5tBHMpPMSnTJOnM73BwvWPPI): failed to open stream: No such file or directory {"exception":"[object] (ErrorException(code: 0): file_put_contents(C:\\xampp\\htdocs\\3_SERVER_MODULE\\API\\storage\\framework/sessions/TXvoFWIFYhdoHWRj5tBHMpPMSnTJOnM73BwvWPPI): failed to open stream: No such file or directory at /mnt/d/Web Design/PC-3/3_SERVER_MODULE/API/vendor/laravel/framework/src/Illuminate/Filesystem/Filesystem.php:122)
[stacktrace]
#0 [internal function]: Illuminate\\Foundation\\Bootstrap\\HandleExceptions->handleError()
#1 /mnt/d/Web Design/PC-3/3_SERVER_MODULE/API/vendor/laravel/framework/src/Illuminate/Filesystem/Filesystem.php(122): file_put_contents()
#2 /mnt/d/Web Design/PC-3/3_SERVER_MODULE/API/vendor/laravel/framework/src/Illuminate/Session/FileSessionHandler.php(83): Illuminate\\Filesystem\\Filesystem->put()
#3 /mnt/d/Web Design/PC-3/3_SERVER_MODULE/API/vendor/laravel/framework/src/Illuminate/Session/Store.php(129): Illuminate\\Session\\FileSessionHandler->write()
#4 /mnt/d/Web Design/PC-3/3_SERVER_MODULE/API/vendor/laravel/framework/src/Illuminate/Session/Middleware/StartSession.php(87): Illuminate\\Session\\Store->save()
#5 /mnt/d/Web Design/PC-3/3_SERVER_MODULE/API/vendor/laravel/framework/src/Illuminate/Foundation/Http/Kernel.php(218): Illuminate\\Session\\Middleware\\StartSession->terminate()
#6 /mnt/d/Web Design/PC-3/3_SERVER_MODULE/API/vendor/laravel/framework/src/Illuminate/Foundation/Http/Kernel.php(189): Illuminate\\Foundation\\Http\\Kernel->terminateMiddleware()
#7 /mnt/d/Web Design/PC-3/3_SERVER_MODULE/API/public/index.php(60): Illuminate\\Foundation\\Http\\Kernel->terminate()
#8 /mnt/d/Web Design/PC-3/3_SERVER_MODULE/API/server.php(21): require_once('/mnt/d/Web Desi...')
#9 {main}
"} 
